commit 4894445efc51a2f0fed0bebceb90e06f86f6c42c
Author: Abhinav <abhinav.paul7@gmail.com>
Date:   Fri May 29 10:43:01 2020 +0000

    myfile commiteed

 myfile | 0
 1 file changed, 0 insertions(+), 0 deletions(-)

commit 79f9a6379b6f5c099da85d5fdb0519622aa1ae08
Author: Abhinav <abhinav.paul7@gmail.com>
Date:   Sat May 16 01:40:27 2020 +0000

    last commit

 fil900 | 0
 1 file changed, 0 insertions(+), 0 deletions(-)

commit d924eddaa3b9312eb540995d4c5c1532cb0e0e3d
Author: Abhinav <abhinav.paul7@gmail.com>
Date:   Sat May 16 01:30:48 2020 +0000

    commit from child1 branch

 chhild1file | 0
 1 file changed, 0 insertions(+), 0 deletions(-)

commit 4b82dda5ed5362105f611e18c727276a27b880de
Author: Abhinav <abhinav.paul7@gmail.com>
Date:   Sat May 16 01:25:45 2020 +0000

    3rd commit after reverting

 f6 | 0
 f7 | 0
 2 files changed, 0 insertions(+), 0 deletions(-)

commit 61d3180f78736c2c49f1faf38560bebcb62cffa5
Author: Abhinav <abhinav.paul7@gmail.com>
Date:   Sat May 16 01:15:56 2020 +0000

    second commit

 f3 | 0
 f4 | 0
 2 files changed, 0 insertions(+), 0 deletions(-)

commit 23f22d2a9a8187fb0a0e057cd34dcea2f6d59b5d
Author: Abhinav <abhinav.paul7@gmail.com>
Date:   Sat May 16 01:12:47 2020 +0000

    first commit

 f1 | 0
 f2 | 0
 2 files changed, 0 insertions(+), 0 deletions(-)

commit 6d2ecafc6503c4a1abee11a4168f0121161320fe
Author: sunny92-bit <53255554+sunny92-bit@users.noreply.github.com>
Date:   Sat May 16 06:40:11 2020 +0530

    Initial commit

 README.md | 1 +
 1 file changed, 1 insertion(+)
